Using pre-set license
Built from '2022.3/release' branch; Version is '2022.3.20f1 (61c2feb0970d) revision 6406910'; Using compiler version '192829333'; Build Type 'Release'
OS: 'Windows 10  (10.0.19045) 64bit CoreCountrySpecific' Language: 'zh' Physical Memory: 7616 MB
BatchMode: 1, IsHumanControllingUs: 0, StartBugReporterOnCrash: 0, Is64bit: 1, IsPro: 1

COMMAND LINE ARGUMENTS:
E:\develop tool\unity 2022.3.20E\Unity 2022.3.20f1\Editor\Unity.exe
-adb2
-batchMode
-noUpm
-name
AssetImportWorker1
-projectPath
D:/GitPro/FenDouShi/GameFrameX
-logFile
Logs/AssetImportWorker1.log
-srvPort
54222
Successfully changed project path to: D:/GitPro/FenDouShi/GameFrameX
D:/GitPro/FenDouShi/GameFrameX
[UnityMemory] Configuration Parameters - Can be set up in boot.config
    "memorysetup-bucket-allocator-granularity=16"
    "memorysetup-bucket-allocator-bucket-count=8"
    "memorysetup-bucket-allocator-block-size=33554432"
    "memorysetup-bucket-allocator-block-count=8"
    "memorysetup-main-allocator-block-size=16777216"
    "memorysetup-thread-allocator-block-size=16777216"
    "memorysetup-gfx-main-allocator-block-size=16777216"
    "memorysetup-gfx-thread-allocator-block-size=16777216"
    "memorysetup-cache-allocator-block-size=4194304"
    "memorysetup-typetree-allocator-block-size=2097152"
    "memorysetup-profiler-bucket-allocator-granularity=16"
    "memorysetup-profiler-bucket-allocator-bucket-count=8"
    "memorysetup-profiler-bucket-allocator-block-size=33554432"
    "memorysetup-profiler-bucket-allocator-block-count=8"
    "memorysetup-profiler-allocator-block-size=16777216"
    "memorysetup-profiler-editor-allocator-block-size=1048576"
    "memorysetup-temp-allocator-size-main=16777216"
    "memorysetup-job-temp-allocator-block-size=2097152"
    "memorysetup-job-temp-allocator-block-size-background=1048576"
    "memorysetup-job-temp-allocator-reduction-small-platforms=262144"
    "memorysetup-allocator-temp-initial-block-size-main=262144"
    "memorysetup-allocator-temp-initial-block-size-worker=262144"
    "memorysetup-temp-allocator-size-background-worker=32768"
    "memorysetup-temp-allocator-size-job-worker=262144"
    "memorysetup-temp-allocator-size-preload-manager=33554432"
    "memorysetup-temp-allocator-size-nav-mesh-worker=65536"
    "memorysetup-temp-allocator-size-audio-worker=65536"
    "memorysetup-temp-allocator-size-cloud-worker=32768"
    "memorysetup-temp-allocator-size-gi-baking-worker=262144"
    "memorysetup-temp-allocator-size-gfx=262144"
Player connection [8144] Host "[IP] 192.168.0.102 [Port] 0 [Flags] 2 [Guid] 4290552954 [EditorId] 4290552954 [Version] 1048832 [Id] WindowsEditor(7,LAPTOP-G434JLUA) [Debug] 1 [PackageName] WindowsEditor [ProjectName] Editor" joined multi-casting on [225.0.0.222:54997]...

Player connection [8144] Host "[IP] 192.168.0.102 [Port] 0 [Flags] 2 [Guid] 4290552954 [EditorId] 4290552954 [Version] 1048832 [Id] WindowsEditor(7,LAPTOP-G434JLUA) [Debug] 1 [PackageName] WindowsEditor [ProjectName] Editor" joined alternative multi-casting on [225.0.0.222:34997]...

[Physics::Module] Initialized MultithreadedJobDispatcher with 7 workers.
Refreshing native plugins compatible for Editor in 18.97 ms, found 2 plugins.
Preloading 0 native plugins for Editor in 0.00 ms.
Initialize engine version: 2022.3.20f1 (61c2feb0970d)
[Subsystems] Discovering subsystems at path E:/develop tool/unity 2022.3.20E/Unity 2022.3.20f1/Editor/Data/Resources/UnitySubsystems
[Subsystems] Discovering subsystems at path D:/GitPro/FenDouShi/GameFrameX/Assets
GfxDevice: creating device client; threaded=0; jobified=0
Direct3D:
    Version:  Direct3D 11.0 [level 11.1]
    Renderer: NVIDIA GeForce GTX 1650 (ID=0x1f91)
    Vendor:   NVIDIA
    VRAM:     3962 MB
    Driver:   30.0.15.1278
Initialize mono
Mono path[0] = 'E:/develop tool/unity 2022.3.20E/Unity 2022.3.20f1/Editor/Data/Managed'
Mono path[1] = 'E:/develop tool/unity 2022.3.20E/Unity 2022.3.20f1/Editor/Data/MonoBleedingEdge/lib/mono/unityjit-win32'
Mono config path = 'E:/develop tool/unity 2022.3.20E/Unity 2022.3.20f1/Editor/Data/MonoBleedingEdge/etc'
Using monoOptions --debugger-agent=transport=dt_socket,embedding=1,server=y,suspend=n,address=127.0.0.1:56768
Begin MonoManager ReloadAssembly
Registering precompiled unity dll's ...
Register platform support module: E:/develop tool/unity 2022.3.20E/Unity 2022.3.20f1/Editor/Data/PlaybackEngines/iOSSupport/UnityEditor.iOS.Extensions.dll
Register platform support module: E:/develop tool/unity 2022.3.20E/Unity 2022.3.20f1/Editor/Data/PlaybackEngines/WindowsStandaloneSupport/UnityEditor.WindowsStandalone.Extensions.dll
Register platform support module: E:/develop tool/unity 2022.3.20E/Unity 2022.3.20f1/Editor/Data/PlaybackEngines/LinuxStandaloneSupport/UnityEditor.LinuxStandalone.Extensions.dll
Registered in 0.011373 seconds.
- Loaded All Assemblies, in  0.711 seconds
Native extension for LinuxStandalone target not found
Native extension for WindowsStandalone target not found
[usbmuxd] Start listen thread
[usbmuxd] Listen thread started
Native extension for iOS target not found
Mono: successfully reloaded assembly
- Finished resetting the current domain, in  0.503 seconds
Domain Reload Profiling: 1214ms
	BeginReloadAssembly (304ms)
		ExecutionOrderSort (0ms)
		DisableScriptedObjects (0ms)
		BackupInstance (0ms)
		ReleaseScriptingObjects (0ms)
		CreateAndSetChildDomain (1ms)
	RebuildCommonClasses (60ms)
	RebuildNativeTypeToScriptingClass (17ms)
	initialDomainReloadingComplete (86ms)
	LoadAllAssembliesAndSetupDomain (244ms)
		LoadAssemblies (304ms)
		RebuildTransferFunctionScriptingTraits (0ms)
		AnalyzeDomain (238ms)
			TypeCache.Refresh (236ms)
				TypeCache.ScanAssembly (213ms)
			ScanForSourceGeneratedMonoScriptInfo (1ms)
			ResolveRequiredComponents (1ms)
	FinalizeReload (504ms)
		ReleaseScriptCaches (0ms)
		RebuildScriptCaches (0ms)
		SetupLoadedEditorAssemblies (406ms)
			LogAssemblyErrors (0ms)
			InitializePlatformSupportModulesInManaged (51ms)
			SetLoadedEditorAssemblies (9ms)
			RefreshPlugins (0ms)
			BeforeProcessingInitializeOnLoad (4ms)
			ProcessInitializeOnLoadAttributes (250ms)
			ProcessInitializeOnLoadMethodAttributes (91ms)
			AfterProcessingInitializeOnLoad (0ms)
			EditorAssembliesLoaded (0ms)
		ExecutionOrderSort2 (0ms)
		AwakeInstancesAfterBackupRestoration (0ms)
Assembly with name 'BasePackage' already exists (Assets/Projet/Projects_hot/BasePackage/Script/BasePackage.asmdef)
Assembly with name 'BasePackage' already exists (Assets/Projet/BasePackage/Script/BasePackage.asmdef)
Assembly with name 'CommonScriptCode' already exists (Assets/Script/Project/CommonScriptCode.asmdef)
Assembly with name 'CommonScriptCode' already exists (Assets/Script/CommonScriptsCode/CommonScriptCode.asmdef)
========================================================================
Worker process is ready to serve import requests
Assembly with name 'BasePackage' already exists (Assets/Projet/Projects_hot/BasePackage/Script/BasePackage.asmdef)
Assembly with name 'BasePackage' already exists (Assets/Projet/BasePackage/Script/BasePackage.asmdef)
Assembly with name 'CommonScriptCode' already exists (Assets/Script/Project/CommonScriptCode.asmdef)
Assembly with name 'CommonScriptCode' already exists (Assets/Script/CommonScriptsCode/CommonScriptCode.asmdef)
Begin MonoManager ReloadAssembly
Symbol file LoadedFromMemory is not a mono symbol file
- Loaded All Assemblies, in  0.949 seconds
Refreshing native plugins compatible for Editor in 7.96 ms, found 2 plugins.
Native extension for LinuxStandalone target not found
Native extension for WindowsStandalone target not found
Native extension for iOS target not found
Assembly with name 'BasePackage' already exists (Assets/Projet/Projects_hot/BasePackage/Script/BasePackage.asmdef)
Assembly with name 'BasePackage' already exists (Assets/Projet/BasePackage/Script/BasePackage.asmdef)
Assembly with name 'CommonScriptCode' already exists (Assets/Script/Project/CommonScriptCode.asmdef)
Assembly with name 'CommonScriptCode' already exists (Assets/Script/CommonScriptsCode/CommonScriptCode.asmdef)
[ScriptCompilation] NOT recompiling all scripts because this is an import worker process. Reason to compile was: Define symbols changed
Package Manager log level set to [2]
[Package Manager] Server::EnsureServerProcessIsRunning -- launch failed, reason: Unity was launched with the -noUpm command-line argument
[Package Manager] UpmClient::Send -- Unable to send message (not connected to UPM process).
[Package Manager] Cannot connect to Unity Package Manager local server
[Package Manager] Server::EnsureServerProcessIsRunning -- launch failed, reason: Unity was launched with the -noUpm command-line argument
[Package Manager] UpmClient::Send -- Unable to send message (not connected to UPM process).
[Package Manager] Cannot connect to Unity Package Manager local server
System.Reflection.TargetInvocationException: Exception has been thrown by the target of an invocation. ---> System.NullReferenceException: Object reference not set to an instance of an object
  at StarterAssetsPackageChecker.PackageChecker.CheckPackage () [0x001f7] in <2a478d25b4d84b2dbb34cb7d710194f5>:0 
  at (wrapper managed-to-native) System.Reflection.RuntimeMethodInfo.InternalInvoke(System.Reflection.RuntimeMethodInfo,object,object[],System.Exception&)
  at System.Reflection.RuntimeMethodInfo.Invoke (System.Object obj, System.Reflection.BindingFlags invokeAttr, System.Reflection.Binder binder, System.Object[] parameters, System.Globalization.CultureInfo culture) [0x0006a] in <dc753a1061284f8e971ee88ee4826eee>:0 
   --- End of inner exception stack trace ---
  at System.Reflection.RuntimeMethodInfo.Invoke (System.Object obj, System.Reflection.BindingFlags invokeAttr, System.Reflection.Binder binder, System.Object[] parameters, System.Globalization.CultureInfo culture) [0x00083] in <dc753a1061284f8e971ee88ee4826eee>:0 
  at System.Reflection.MethodBase.Invoke (System.Object obj, System.Object[] parameters) [0x00000] in <dc753a1061284f8e971ee88ee4826eee>:0 
  at UnityEditor.EditorAssemblies.ProcessInitializeOnLoadMethodAttributes () [0x000a5] in <5d5ebefe97114215928ac1d9cd096522>:0 
UnityEngine.StackTraceUtility:ExtractStackTrace ()
UnityEngine.DebugLogHandler:LogFormat (UnityEngine.LogType,UnityEngine.Object,string,object[])
UnityEngine.Logger:Log (UnityEngine.LogType,object)
UnityEngine.Debug:LogError (object)
UnityEditor.EditorAssemblies:ProcessInitializeOnLoadMethodAttributes ()

Mono: successfully reloaded assembly
- Finished resetting the current domain, in  0.923 seconds
Domain Reload Profiling: 1872ms
	BeginReloadAssembly (285ms)
		ExecutionOrderSort (0ms)
		DisableScriptedObjects (10ms)
		BackupInstance (0ms)
		ReleaseScriptingObjects (0ms)
		CreateAndSetChildDomain (36ms)
	RebuildCommonClasses (61ms)
	RebuildNativeTypeToScriptingClass (16ms)
	initialDomainReloadingComplete (47ms)
	LoadAllAssembliesAndSetupDomain (538ms)
		LoadAssemblies (585ms)
		RebuildTransferFunctionScriptingTraits (0ms)
		AnalyzeDomain (136ms)
			TypeCache.Refresh (133ms)
				TypeCache.ScanAssembly (107ms)
			ScanForSourceGeneratedMonoScriptInfo (2ms)
			ResolveRequiredComponents (1ms)
	FinalizeReload (924ms)
		ReleaseScriptCaches (0ms)
		RebuildScriptCaches (0ms)
		SetupLoadedEditorAssemblies (691ms)
			LogAssemblyErrors (0ms)
			InitializePlatformSupportModulesInManaged (41ms)
			SetLoadedEditorAssemblies (5ms)
			RefreshPlugins (0ms)
			BeforeProcessingInitializeOnLoad (277ms)
			ProcessInitializeOnLoadAttributes (219ms)
			ProcessInitializeOnLoadMethodAttributes (144ms)
			AfterProcessingInitializeOnLoad (5ms)
			EditorAssembliesLoaded (0ms)
		ExecutionOrderSort2 (0ms)
		AwakeInstancesAfterBackupRestoration (15ms)
Launched and connected shader compiler UnityShaderCompiler.exe after 0.12 seconds
Refreshing native plugins compatible for Editor in 9.69 ms, found 2 plugins.
Preloading 0 native plugins for Editor in 0.00 ms.
Unloading 6359 Unused Serialized files (Serialized files now loaded: 0)
Unloading 156 unused Assets / (9.8 MB). Loaded Objects now: 6680.
Memory consumption went from 218.5 MB to 208.7 MB.
Total: 12.938200 ms (FindLiveObjects: 0.726700 ms CreateObjectMapping: 0.401300 ms MarkObjects: 4.145100 ms  DeleteObjects: 7.662900 ms)

AssetImportParameters requested are different than current active one (requested -> active):
  custom:container-muxer-webm: aa71ff27fc2769a1b78a27578f13a17b -> 
  custom:video-encoder-webm-vp8: eb34c28f22e8b96e1ab97ce403110664 -> 
  custom:video-codec-MediaFoundation-h265: 746d11721c4dcdbdad8f713fa42b33f4 -> 
  custom:audio-encoder-webm-vorbis: bf7c407c2cedff20999df2af8eb42d56 -> 
  custom:container-demuxer-ogg: 62fdf1f143b41e24485cea50d1cbac27 -> 
  custom:video-decoder-webm-vp8: 9c59270c3fd7afecdb556c50c9e8de78 -> 
  custom:audio-decoder-ogg-vorbis: bf7c407c2cedff20999df2af8eb42d56 -> 
  custom:AudioImporter_EditorPlatform: d09bf68614088b80899f8185d706f6e7 -> 
  custom:video-decoder-ogg-theora: a1e56fd34408186e4bbccfd4996cb3dc -> 
  custom:container-demuxer-webm: 4f35f7cbe854078d1ac9338744f61a02 -> 
  custom:CustomObjectIndexerAttribute: 6d391050e5a25f67b0a2c618074f2cd9 -> 
  custom:framework-win-MediaFoundation: 216162199b28c13a410421893ffa2e32 -> 
  custom:SearchIndexIgnoredProperties: e643bd26f0fe6173181afceb89e7c659 -> 
========================================================================
Received Import Request.
  Time since last request: 727362.337298 seconds.
  path: Assets/Projet/APreLoading/Script/PreLoading.asmdef
  artifactKey: Guid(d94a59dbbe5f9ef4ab92328a652e6ea0) Importer(815301076,1909f56bfc062723c751e8b465ee728b)
Start importing Assets/Projet/APreLoading/Script/PreLoading.asmdef using Guid(d94a59dbbe5f9ef4ab92328a652e6ea0) Importer(815301076,1909f56bfc062723c751e8b465ee728b)  -> (artifact id: '31879a4b64ebd27a628c42663125f045') in 0.002938 seconds
Number of updated asset objects reloaded before import = 0
Number of asset objects unloaded after import = 0
========================================================================
Received Import Request.
  Time since last request: 197.743387 seconds.
  path: Assets/Scenes/Loading/VolumeProfileAsset.png
  artifactKey: Guid(1fe07fccd0fab39438823a55b219c905) Importer(815301076,1909f56bfc062723c751e8b465ee728b)
Start importing Assets/Scenes/Loading/VolumeProfileAsset.png using Guid(1fe07fccd0fab39438823a55b219c905) Importer(815301076,1909f56bfc062723c751e8b465ee728b)  -> (artifact id: '700cacfdf32282a21f056a34099ff451') in 0.088696 seconds
Number of updated asset objects reloaded before import = 0
Number of asset objects unloaded after import = 2
========================================================================
Received Import Request.
  Time since last request: 1121.821474 seconds.
  path: Packages/com.unity.cinemachine/Tests/Runtime/Cinemachine.Runtime.Tests.asmdef
  artifactKey: Guid(8ba1cf4afa640804e94ba034367104ab) Importer(815301076,1909f56bfc062723c751e8b465ee728b)
Start importing Packages/com.unity.cinemachine/Tests/Runtime/Cinemachine.Runtime.Tests.asmdef using Guid(8ba1cf4afa640804e94ba034367104ab) Importer(815301076,1909f56bfc062723c751e8b465ee728b)  -> (artifact id: '218a3d35ae4bb5d80dd38de290b50066') in 0.077321 seconds
Number of updated asset objects reloaded before import = 0
Number of asset objects unloaded after import = 0
========================================================================
Received Import Request.
  Time since last request: 2.052746 seconds.
  path: Packages/com.unity.burst/Unity.Burst.CodeGen/Unity.Burst.CodeGen.asmdef
  artifactKey: Guid(9c6dda6c7922c624cb7ea9a7f1c7d54a) Importer(815301076,1909f56bfc062723c751e8b465ee728b)
Start importing Packages/com.unity.burst/Unity.Burst.CodeGen/Unity.Burst.CodeGen.asmdef using Guid(9c6dda6c7922c624cb7ea9a7f1c7d54a) Importer(815301076,1909f56bfc062723c751e8b465ee728b)  -> (artifact id: '6b072e5247429ed6a3e6c6d6604837f5') in 0.004638 seconds
Number of updated asset objects reloaded before import = 0
Number of asset objects unloaded after import = 0
========================================================================
Received Import Request.
  Time since last request: 0.000344 seconds.
  path: Packages/com.unity.mathematics/Unity.Mathematics/Unity.Mathematics.asmdef
  artifactKey: Guid(d8b63aba1907145bea998dd612889d6b) Importer(815301076,1909f56bfc062723c751e8b465ee728b)
Start importing Packages/com.unity.mathematics/Unity.Mathematics/Unity.Mathematics.asmdef using Guid(d8b63aba1907145bea998dd612889d6b) Importer(815301076,1909f56bfc062723c751e8b465ee728b)  -> (artifact id: '70985003f839089a316bb2f3d630062e') in 0.001597 seconds
Number of updated asset objects reloaded before import = 0
Number of asset objects unloaded after import = 0
========================================================================
Received Import Request.
  Time since last request: 0.000586 seconds.
  path: Packages/com.unity.mathematics/Tests/Unity.Mathematics.Tests.asmdef
  artifactKey: Guid(904d80dccad704a3f95e42bd0ad5d960) Importer(815301076,1909f56bfc062723c751e8b465ee728b)
Start importing Packages/com.unity.mathematics/Tests/Unity.Mathematics.Tests.asmdef using Guid(904d80dccad704a3f95e42bd0ad5d960) Importer(815301076,1909f56bfc062723c751e8b465ee728b)  -> (artifact id: '32ee19d64cc8adddec4db8be210c1ace') in 0.002358 seconds
Number of updated asset objects reloaded before import = 0
Number of asset objects unloaded after import = 0
========================================================================
Received Import Request.
  Time since last request: 0.000819 seconds.
  path: Packages/com.unity.profiling.core/Runtime/Unity.Profiling.Core.asmdef
  artifactKey: Guid(b46779583a009f04ba9f5f31d0e7e6ac) Importer(815301076,1909f56bfc062723c751e8b465ee728b)
Start importing Packages/com.unity.profiling.core/Runtime/Unity.Profiling.Core.asmdef using Guid(b46779583a009f04ba9f5f31d0e7e6ac) Importer(815301076,1909f56bfc062723c751e8b465ee728b)  -> (artifact id: '016aac19ea7dbbbf3e81f84cfc31af40') in 0.002039 seconds
Number of updated asset objects reloaded before import = 0
Number of asset objects unloaded after import = 0
========================================================================
Received Import Request.
  Time since last request: 0.363983 seconds.
  path: Packages/com.unity.render-pipelines.core/Runtime/Unity.RenderPipelines.Core.Runtime.asmdef
  artifactKey: Guid(df380645f10b7bc4b97d4f5eb6303d95) Importer(815301076,1909f56bfc062723c751e8b465ee728b)
Start importing Packages/com.unity.render-pipelines.core/Runtime/Unity.RenderPipelines.Core.Runtime.asmdef using Guid(df380645f10b7bc4b97d4f5eb6303d95) Importer(815301076,1909f56bfc062723c751e8b465ee728b)  -> (artifact id: 'd185b162cbf18b5575f91620eefc9a90') in 0.001798 seconds
Number of updated asset objects reloaded before import = 0
Number of asset objects unloaded after import = 0
========================================================================
Received Import Request.
  Time since last request: 0.000851 seconds.
  path: Packages/com.unity.render-pipelines.core/ShaderLibrary/Unity.RenderPipelines.Core.ShaderLibrary.asmdef
  artifactKey: Guid(46a67ded66a63de48b9329c593fc08de) Importer(815301076,1909f56bfc062723c751e8b465ee728b)
Start importing Packages/com.unity.render-pipelines.core/ShaderLibrary/Unity.RenderPipelines.Core.ShaderLibrary.asmdef using Guid(46a67ded66a63de48b9329c593fc08de) Importer(815301076,1909f56bfc062723c751e8b465ee728b)  -> (artifact id: '767e231bb0faa8e35a17b8e4533570b9') in 0.003384 seconds
Number of updated asset objects reloaded before import = 0
Number of asset objects unloaded after import = 0
========================================================================
Received Import Request.
  Time since last request: 427.379354 seconds.
  path: Assets/Projet/Projects_hot/OutSpace/OutSpaceRoom/Settings/URP-Balanced.asset
  artifactKey: Guid(e1260c1148f6143b28bae5ace5e9c5d1) Importer(815301076,1909f56bfc062723c751e8b465ee728b)
Start importing Assets/Projet/Projects_hot/OutSpace/OutSpaceRoom/Settings/URP-Balanced.asset using Guid(e1260c1148f6143b28bae5ace5e9c5d1) Importer(815301076,1909f56bfc062723c751e8b465ee728b)  -> (artifact id: '9ce5904f3f3ee6a43c7beb33f987e963') in 0.130485 seconds
Number of updated asset objects reloaded before import = 0
Number of asset objects unloaded after import = 1
========================================================================
Received Import Request.
  Time since last request: 2.595681 seconds.
  path: Assets/Projet/Projects_hot/OutSpace/OutSpaceRoom/UI/colorSwatch.png
  artifactKey: Guid(c8a5981eb141df64aaf32df0fc4c9282) Importer(815301076,1909f56bfc062723c751e8b465ee728b)
Start importing Assets/Projet/Projects_hot/OutSpace/OutSpaceRoom/UI/colorSwatch.png using Guid(c8a5981eb141df64aaf32df0fc4c9282) Importer(815301076,1909f56bfc062723c751e8b465ee728b)  -> (artifact id: '8e9ff210702be0df25e457c5a83f7eb0') in 0.580797 seconds
Number of updated asset objects reloaded before import = 0
Number of asset objects unloaded after import = 2
========================================================================
Received Import Request.
  Time since last request: 0.000053 seconds.
  path: Assets/Projet/Projects_hot/OutSpace/OutSpaceRoom/UI/slicedHole.png
  artifactKey: Guid(8ffdb92df708c9143bb9949fefcf2674) Importer(815301076,1909f56bfc062723c751e8b465ee728b)
Start importing Assets/Projet/Projects_hot/OutSpace/OutSpaceRoom/UI/slicedHole.png using Guid(8ffdb92df708c9143bb9949fefcf2674) Importer(815301076,1909f56bfc062723c751e8b465ee728b)  -> (artifact id: 'f88a14036571c4c0c843a5149f2dc9df') in 0.357401 seconds
Number of updated asset objects reloaded before import = 0
Number of asset objects unloaded after import = 3
========================================================================
Received Import Request.
  Time since last request: 1.180661 seconds.
  path: Assets/Projet/Projects_hot/OutSpace/OutSpaceRoom/UI/Materials/ShipRoomBg.mat
  artifactKey: Guid(b9e7762b83600064ebcfbbd4a0f3fe4e) Importer(815301076,1909f56bfc062723c751e8b465ee728b)
Start importing Assets/Projet/Projects_hot/OutSpace/OutSpaceRoom/UI/Materials/ShipRoomBg.mat using Guid(b9e7762b83600064ebcfbbd4a0f3fe4e) Importer(815301076,1909f56bfc062723c751e8b465ee728b)  -> (artifact id: 'd7fec4cf458092ca0b62e9d0b70bbdf1') in 0.301458 seconds
Number of updated asset objects reloaded before import = 0
Number of asset objects unloaded after import = 5
========================================================================
Received Import Request.
  Time since last request: 5.309858 seconds.
  path: Assets/Projet/Projects_hot/OutSpace/Prefab/Enemy/BossA0601p.prefab
  artifactKey: Guid(f4a43c6c5adc43d478406f86dafbbbe9) Importer(815301076,1909f56bfc062723c751e8b465ee728b)
Start importing Assets/Projet/Projects_hot/OutSpace/Prefab/Enemy/BossA0601p.prefab using Guid(f4a43c6c5adc43d478406f86dafbbbe9) Importer(815301076,1909f56bfc062723c751e8b465ee728b)  -> (artifact id: 'a0922da9932a0baa44fa0dd1504c156f') in 0.037472 seconds
Number of updated asset objects reloaded before import = 0
Number of asset objects unloaded after import = 95
========================================================================
Received Import Request.
  Time since last request: 0.000030 seconds.
  path: Assets/Projet/Projects_hot/OutSpace/Prefab/Enemy/EnemyMoveCircleAttrack.prefab
  artifactKey: Guid(bcaef12f3554d7449bcd7893c26068f5) Importer(815301076,1909f56bfc062723c751e8b465ee728b)
Start importing Assets/Projet/Projects_hot/OutSpace/Prefab/Enemy/EnemyMoveCircleAttrack.prefab using Guid(bcaef12f3554d7449bcd7893c26068f5) Importer(815301076,1909f56bfc062723c751e8b465ee728b)  -> (artifact id: '68b5ee94d658335f5e40975744a0c2d5') in 0.162206 seconds
Number of updated asset objects reloaded before import = 0
Number of asset objects unloaded after import = 97
========================================================================
Received Import Request.
  Time since last request: 0.000064 seconds.
  path: Assets/Projet/Projects_hot/OutSpace/Prefab/Enemy/BulletGuidedMissile.prefab
  artifactKey: Guid(de3fa7eb7379ed242b3ba756d9660b9c) Importer(815301076,1909f56bfc062723c751e8b465ee728b)
Start importing Assets/Projet/Projects_hot/OutSpace/Prefab/Enemy/BulletGuidedMissile.prefab using Guid(de3fa7eb7379ed242b3ba756d9660b9c) Importer(815301076,1909f56bfc062723c751e8b465ee728b)  -> (artifact id: '5877c721695ecf9beb66520453b6af48') in 0.034677 seconds
Number of updated asset objects reloaded before import = 0
Number of asset objects unloaded after import = 34
========================================================================
Received Import Request.
  Time since last request: 0.000063 seconds.
  path: Assets/Projet/Projects_hot/OutSpace/Prefab/Enemy/Enemy002.prefab
  artifactKey: Guid(518ade0bb7821984980cad17f89b4c87) Importer(815301076,1909f56bfc062723c751e8b465ee728b)
Start importing Assets/Projet/Projects_hot/OutSpace/Prefab/Enemy/Enemy002.prefab using Guid(518ade0bb7821984980cad17f89b4c87) Importer(815301076,1909f56bfc062723c751e8b465ee728b)  -> (artifact id: '9b2cbc1cd35acb33e92c713a51001039') in 0.029769 seconds
Number of updated asset objects reloaded before import = 0
Number of asset objects unloaded after import = 94
========================================================================
Received Import Request.
  Time since last request: 0.000044 seconds.
  path: Assets/Projet/Projects_hot/OutSpace/Prefab/Enemy/lightShipCircle.prefab
  artifactKey: Guid(e86b5e7e58776e047b54309d359c91c0) Importer(815301076,1909f56bfc062723c751e8b465ee728b)
Start importing Assets/Projet/Projects_hot/OutSpace/Prefab/Enemy/lightShipCircle.prefab using Guid(e86b5e7e58776e047b54309d359c91c0) Importer(815301076,1909f56bfc062723c751e8b465ee728b)  -> (artifact id: 'e0be7f4b1cae7c1d2ee6c455a400339c') in 0.032507 seconds
Number of updated asset objects reloaded before import = 0
Number of asset objects unloaded after import = 82
========================================================================
Received Import Request.
  Time since last request: 1.434335 seconds.
  path: Assets/Projet/Projects_hot/OutSpace/Prefab/enemyWave/Wave1.prefab
  artifactKey: Guid(8aaec352ef072ab4bb85ecf1921e5ad3) Importer(815301076,1909f56bfc062723c751e8b465ee728b)
Start importing Assets/Projet/Projects_hot/OutSpace/Prefab/enemyWave/Wave1.prefab using Guid(8aaec352ef072ab4bb85ecf1921e5ad3) Importer(815301076,1909f56bfc062723c751e8b465ee728b)  -> (artifact id: '06d50dc101e80b25734568b0be3d6830') in 0.004273 seconds
Number of updated asset objects reloaded before import = 0
Number of asset objects unloaded after import = 5
========================================================================
Received Import Request.
  Time since last request: 0.000926 seconds.
  path: Assets/Projet/Projects_hot/OutSpace/Prefab/enemyWave/Wave3.prefab
  artifactKey: Guid(56a4384540ccaa84ea400773a4c52832) Importer(815301076,1909f56bfc062723c751e8b465ee728b)
Start importing Assets/Projet/Projects_hot/OutSpace/Prefab/enemyWave/Wave3.prefab using Guid(56a4384540ccaa84ea400773a4c52832) Importer(815301076,1909f56bfc062723c751e8b465ee728b)  -> (artifact id: '556cec8f61620489ec3ba81a9a6f4586') in 0.004766 seconds
Number of updated asset objects reloaded before import = 0
Number of asset objects unloaded after import = 5
========================================================================
Received Import Request.
  Time since last request: 0.498900 seconds.
  path: Assets/Projet/Projects_hot/OutSpace/Prefab/Gun/AutoFastGun.prefab
  artifactKey: Guid(9ffc31c840d0a724db42608c0cc223aa) Importer(815301076,1909f56bfc062723c751e8b465ee728b)
Start importing Assets/Projet/Projects_hot/OutSpace/Prefab/Gun/AutoFastGun.prefab using Guid(9ffc31c840d0a724db42608c0cc223aa) Importer(815301076,1909f56bfc062723c751e8b465ee728b)  -> (artifact id: '6f7f35dd6cfa7281a90b6e2a1a51c603') in 0.021951 seconds
Number of updated asset objects reloaded before import = 0
Number of asset objects unloaded after import = 21
========================================================================
Received Import Request.
  Time since last request: 0.000095 seconds.
  path: Assets/Projet/Projects_hot/OutSpace/Prefab/Gun/normalGun.prefab
  artifactKey: Guid(d7083bb99d41ea74dad0888a0ef9554b) Importer(815301076,1909f56bfc062723c751e8b465ee728b)
Start importing Assets/Projet/Projects_hot/OutSpace/Prefab/Gun/normalGun.prefab using Guid(d7083bb99d41ea74dad0888a0ef9554b) Importer(815301076,1909f56bfc062723c751e8b465ee728b)  -> (artifact id: '8dc43879df060ab5f169f729d8d8caa7') in 0.004778 seconds
Number of updated asset objects reloaded before import = 0
Number of asset objects unloaded after import = 10
